[19-Oct-2023 20:21:39 UTC] PHP Warning:  call_user_func_array() expects parameter 1 to be a valid callback, function 'customblog_register_styles' not found or invalid function name in C:\xampp\htdocs\custom_theme_wp\wordpress\wp-includes\class-wp-hook.php on line 310
[19-Oct-2023 20:21:41 UTC] PHP Warning:  call_user_func_array() expects parameter 1 to be a valid callback, function 'customblog_register_styles' not found or invalid function name in C:\xampp\htdocs\custom_theme_wp\wordpress\wp-includes\class-wp-hook.php on line 310
[19-Oct-2023 22:10:38 UTC] PHP Warning:  A non-numeric value encountered in C:\xampp\htdocs\custom_theme_wp\wordpress\wp-content\themes\psychtheme\functions.php on line 4
[19-Oct-2023 22:10:38 UTC] PHP Warning:  A non-numeric value encountered in C:\xampp\htdocs\custom_theme_wp\wordpress\wp-content\themes\psychtheme\functions.php on line 4
[20-Oct-2023 16:23:21 UTC] PHP Warning:  call_user_func_array() expects parameter 1 to be a valid callback, function 'customblog_theme_support' not found or invalid function name in C:\xampp\htdocs\custom_theme_wp\wordpress\wp-includes\class-wp-hook.php on line 310
[20-Oct-2023 16:51:46 UTC] PHP Parse error:  syntax error, unexpected ''footer'' (T_CONSTANT_ENCAPSED_STRING), expecting ')' in C:\xampp\htdocs\custom_theme_wp\wordpress\wp-content\themes\psychtheme\functions.php on line 13
[20-Oct-2023 16:51:46 UTC] PHP Notice:  Trying to access array offset on value of type bool in C:\xampp\htdocs\custom_theme_wp\wordpress\wp-includes\class-wp-recovery-mode-email-service.php on line 367
[20-Oct-2023 16:51:46 UTC] PHP Notice:  Trying to access array offset on value of type bool in C:\xampp\htdocs\custom_theme_wp\wordpress\wp-includes\class-wp-recovery-mode-email-service.php on line 368
[20-Oct-2023 16:52:47 UTC] PHP Parse error:  syntax error, unexpected ''footer'' (T_CONSTANT_ENCAPSED_STRING), expecting ')' in C:\xampp\htdocs\custom_theme_wp\wordpress\wp-content\themes\psychtheme\functions.php on line 13
[23-Oct-2023 20:56:05 UTC] PHP Notice:  Trying to get property 'title' of non-object in C:\xampp\htdocs\custom_theme_wp\wordpress\wp-includes\class-wp-customize-widgets.php on line 905
[23-Oct-2023 21:01:37 UTC] PHP Fatal error:  Uncaught Error: Call to undefined function wp_get_attachement_image_src() in C:\xampp\htdocs\custom_theme_wp\wordpress\wp-content\themes\psychtheme\header.php:34
Stack trace:
#0 C:\xampp\htdocs\custom_theme_wp\wordpress\wp-includes\template.php(785): require_once()
#1 C:\xampp\htdocs\custom_theme_wp\wordpress\wp-includes\template.php(720): load_template('C:\\xampp\\htdocs...', true, Array)
#2 C:\xampp\htdocs\custom_theme_wp\wordpress\wp-includes\general-template.php(48): locate_template(Array, true, true, Array)
#3 C:\xampp\htdocs\custom_theme_wp\wordpress\wp-content\themes\psychtheme\front-page.php(2): get_header()
#4 C:\xampp\htdocs\custom_theme_wp\wordpress\wp-includes\template-loader.php(106): include('C:\\xampp\\htdocs...')
#5 C:\xampp\htdocs\custom_theme_wp\wordpress\wp-blog-header.php(19): require_once('C:\\xampp\\htdocs...')
#6 C:\xampp\htdocs\custom_theme_wp\wordpress\index.php(17): require('C:\\xampp\\htdocs...')
#7 {main}
  thrown in C:\xampp\htdocs\custom_theme_wp\wordpress\wp-content\themes\psychtheme\header.php on line 34
[23-Oct-2023 21:56:58 UTC] PHP Notice:  Array to string conversion in C:\xampp\htdocs\custom_theme_wp\wordpress\wp-content\themes\psychtheme\header.php on line 37
[23-Oct-2023 21:57:09 UTC] PHP Notice:  Array to string conversion in C:\xampp\htdocs\custom_theme_wp\wordpress\wp-content\themes\psychtheme\header.php on line 37
[23-Oct-2023 22:01:36 UTC] PHP Notice:  Array to string conversion in C:\xampp\htdocs\custom_theme_wp\wordpress\wp-content\themes\psychtheme\header.php on line 37
[23-Oct-2023 22:02:01 UTC] PHP Notice:  Array to string conversion in C:\xampp\htdocs\custom_theme_wp\wordpress\wp-content\themes\psychtheme\header.php on line 37
[23-Oct-2023 22:02:58 UTC] PHP Notice:  Array to string conversion in C:\xampp\htdocs\custom_theme_wp\wordpress\wp-content\themes\psychtheme\header.php on line 37
[24-Oct-2023 15:35:57 UTC] PHP Notice:  Trying to get property 'title' of non-object in C:\xampp\htdocs\custom_theme_wp\wordpress\wp-includes\class-wp-customize-widgets.php on line 905
[24-Oct-2023 17:03:08 UTC] PHP Notice:  Trying to get property 'title' of non-object in C:\xampp\htdocs\custom_theme_wp\wordpress\wp-includes\class-wp-customize-widgets.php on line 905
[24-Oct-2023 17:03:38 UTC] PHP Notice:  Trying to get property 'title' of non-object in C:\xampp\htdocs\custom_theme_wp\wordpress\wp-includes\class-wp-customize-widgets.php on line 905
[25-Oct-2023 18:03:29 UTC] PHP Notice:  Trying to get property 'title' of non-object in C:\xampp\htdocs\custom_theme_wp\wordpress\wp-includes\class-wp-customize-widgets.php on line 905
[25-Oct-2023 18:26:41 UTC] PHP Parse error:  syntax error, unexpected '''' (T_CONSTANT_ENCAPSED_STRING), expecting identifier (T_STRING) or variable (T_VARIABLE) or '{' or '$' in C:\xampp\htdocs\custom_theme_wp\wordpress\wp-content\themes\psychtheme\functions.php on line 45
[25-Oct-2023 18:26:41 UTC] PHP Notice:  Trying to access array offset on value of type bool in C:\xampp\htdocs\custom_theme_wp\wordpress\wp-includes\class-wp-recovery-mode-email-service.php on line 367
[25-Oct-2023 18:26:41 UTC] PHP Notice:  Trying to access array offset on value of type bool in C:\xampp\htdocs\custom_theme_wp\wordpress\wp-includes\class-wp-recovery-mode-email-service.php on line 368
[25-Oct-2023 18:28:42 UTC] PHP Parse error:  syntax error, unexpected ';', expecting ')' in C:\xampp\htdocs\custom_theme_wp\wordpress\wp-content\themes\psychtheme\functions.php on line 45
[25-Oct-2023 18:30:43 UTC] PHP Parse error:  syntax error, unexpected ';', expecting ')' in C:\xampp\htdocs\custom_theme_wp\wordpress\wp-content\themes\psychtheme\functions.php on line 45
[25-Oct-2023 18:32:44 UTC] PHP Parse error:  syntax error, unexpected ';', expecting ')' in C:\xampp\htdocs\custom_theme_wp\wordpress\wp-content\themes\psychtheme\functions.php on line 45
[25-Oct-2023 18:34:45 UTC] PHP Notice:  Function register_sidebar was called <strong>incorrectly</strong>. No <code>id</code> was set in the arguments array for the "Sidebar 1" sidebar. Defaulting to "sidebar-1". Manually set the <code>id</code> to "sidebar-1" to silence this notice and keep existing sidebar content. Please see <a href="https://wordpress.org/documentation/article/debugging-in-wordpress/">Debugging in WordPress</a> for more information. (This message was added in version 4.2.0.) in C:\xampp\htdocs\custom_theme_wp\wordpress\wp-includes\functions.php on line 5905
[25-Oct-2023 18:34:50 UTC] PHP Notice:  Function register_sidebar was called <strong>incorrectly</strong>. No <code>id</code> was set in the arguments array for the "Sidebar 1" sidebar. Defaulting to "sidebar-1". Manually set the <code>id</code> to "sidebar-1" to silence this notice and keep existing sidebar content. Please see <a href="https://wordpress.org/documentation/article/debugging-in-wordpress/">Debugging in WordPress</a> for more information. (This message was added in version 4.2.0.) in C:\xampp\htdocs\custom_theme_wp\wordpress\wp-includes\functions.php on line 5905
[25-Oct-2023 18:35:26 UTC] PHP Notice:  Function register_sidebar was called <strong>incorrectly</strong>. No <code>id</code> was set in the arguments array for the "Sidebar 1" sidebar. Defaulting to "sidebar-1". Manually set the <code>id</code> to "sidebar-1" to silence this notice and keep existing sidebar content. Please see <a href="https://wordpress.org/documentation/article/debugging-in-wordpress/">Debugging in WordPress</a> for more information. (This message was added in version 4.2.0.) in C:\xampp\htdocs\custom_theme_wp\wordpress\wp-includes\functions.php on line 5905
[25-Oct-2023 18:35:26 UTC] PHP Notice:  Function register_sidebar was called <strong>incorrectly</strong>. No <code>id</code> was set in the arguments array for the "Sidebar 1" sidebar. Defaulting to "sidebar-1". Manually set the <code>id</code> to "sidebar-1" to silence this notice and keep existing sidebar content. Please see <a href="https://wordpress.org/documentation/article/debugging-in-wordpress/">Debugging in WordPress</a> for more information. (This message was added in version 4.2.0.) in C:\xampp\htdocs\custom_theme_wp\wordpress\wp-includes\functions.php on line 5905
[25-Oct-2023 18:35:33 UTC] PHP Notice:  Function register_sidebar was called <strong>incorrectly</strong>. No <code>id</code> was set in the arguments array for the "Sidebar 1" sidebar. Defaulting to "sidebar-1". Manually set the <code>id</code> to "sidebar-1" to silence this notice and keep existing sidebar content. Please see <a href="https://wordpress.org/documentation/article/debugging-in-wordpress/">Debugging in WordPress</a> for more information. (This message was added in version 4.2.0.) in C:\xampp\htdocs\custom_theme_wp\wordpress\wp-includes\functions.php on line 5905
[25-Oct-2023 18:35:35 UTC] PHP Notice:  Function register_sidebar was called <strong>incorrectly</strong>. No <code>id</code> was set in the arguments array for the "Sidebar 1" sidebar. Defaulting to "sidebar-1". Manually set the <code>id</code> to "sidebar-1" to silence this notice and keep existing sidebar content. Please see <a href="https://wordpress.org/documentation/article/debugging-in-wordpress/">Debugging in WordPress</a> for more information. (This message was added in version 4.2.0.) in C:\xampp\htdocs\custom_theme_wp\wordpress\wp-includes\functions.php on line 5905
